* installing *source* package ‘neurocluster’ ...
** using staged installation
** libs
using C++ compiler: ‘Homebrew clang version 20.1.8’
using C++17
using SDK: ‘MacOSX14.2.sdk’
make: Nothing to be done for `all'.
make: `symbols.rds' is up to date.
installing to /Users/bbuchsbaum/code/neurocluster/..Rcheck/00LOCK-neurocluster/00new/neurocluster/libs
** R
** byte-compile and prepare package for lazy loading
Warning: replacing previous import ‘FNN::knn’ by ‘igraph::knn’ when loading ‘neurocluster’
Warning: replacing previous import ‘igraph::graph’ by ‘neurosurf::graph’ when loading ‘neurocluster’
Warning: replacing previous import ‘igraph::vertices’ by ‘neurosurf::vertices’ when loading ‘neurocluster’
Note: possible error in 'slice_fuse_consensus(run_results = run_results, ': unused arguments (k_fuse = k_fuse, min_size_fuse = min_size_fuse) 
** help
*** installing help indices
** building package indices
** testing if installed package can be loaded from temporary location
Warning: replacing previous import ‘FNN::knn’ by ‘igraph::knn’ when loading ‘neurocluster’
Warning: replacing previous import ‘igraph::graph’ by ‘neurosurf::graph’ when loading ‘neurocluster’
Warning: replacing previous import ‘igraph::vertices’ by ‘neurosurf::vertices’ when loading ‘neurocluster’
** checking absolute paths in shared objects and dynamic libraries
** testing if installed package can be loaded from final location
Warning: replacing previous import ‘FNN::knn’ by ‘igraph::knn’ when loading ‘neurocluster’
Warning: replacing previous import ‘igraph::graph’ by ‘neurosurf::graph’ when loading ‘neurocluster’
Warning: replacing previous import ‘igraph::vertices’ by ‘neurosurf::vertices’ when loading ‘neurocluster’
** testing if installed package keeps a record of temporary installation path
* DONE (neurocluster)
