Hmm ... looks like a package
Converting parsed Rd's to LaTeX ...
Creating pdf output from LaTeX ...
Error in texi2dvi(file = file, pdf = TRUE, clean = clean, quiet = quiet,  : 
  Running 'texi2dvi' on 'Rd2.tex' failed.
Messages:
/opt/R/arm64/bin/texi2dvi: makeindex failed
Output:
This is pdfTeX, Version 3.141592653-2.6-1.40.26 (TeX Live 2024) (preloaded format=pdflatex)
 restricted \write18 enabled.
entering extended mode
LaTeX2e <2024-06-01> patch level 2
L3 programming layer <2024-07-20>
(./Rd2.tex
(/Users/bbuchsbaum/Library/TinyTeX/texmf-dist/tex/latex/base/book.cls
Document Class: book 2024/02/08 v1.4n Standard LaTeX document class
(/Users/bbuchsbaum/Library/TinyTeX/texmf-dist/tex/latex/base/bk10.clo)) (/Library/Frameworks/R.framework/Resources/share/texmf/tex/latex/Rd.sty (/Users/bbuchsbaum/Library/TinyTeX/texmf-dist/tex/latex/base/ifthen.sty) (/Users/bbuchsbaum/Library/TinyTeX/texmf-dist/tex/latex/tools/longtable.sty) (/Users/bbuchsbaum/Library/TinyTeX/texmf-dist/tex/latex/tools/bm.sty) (/Users/bbuchsbaum/Library/TinyTeX/texmf-dist/tex/latex/base/alltt.sty) (/Users/bbuchsbaum/Library/TinyTeX/texmf-dist/tex/latex/tools/verbatim.sty) (/Users/bbuchsbaum/Library/TinyTeX/texmf-dist/tex/latex/url/url.sty) (/Users/bbuchsbaum/Library/TinyTeX/texmf-dist/tex/latex/base/textcomp.sty) (/Users/bbuchsbaum/Library/TinyTeX/texmf-dist/tex/latex/amsmath/amsmath.sty
For additional information on amsmath, use the `?' option.
(/Users/bbuchsbaum/Library/TinyTeX/texmf-dist/tex/latex/amsmath/amstext.sty (/Users/bbuchsbaum/Library/TinyTeX/texmf-dist/tex/latex/amsmath/amsgen.sty)) (/Users/bbuchsbaum/Library/TinyTeX/texmf-dist/tex/latex/amsmath/amsbsy.sty) (/Users/bbuchsbaum/Library/TinyTeX/texmf-dist/tex/latex/amsmath/amsopn.sty)) (/Users/bbuchsbaum/Library/TinyTeX/texmf-dist/tex/latex/amsfonts/amsfonts.sty) (/Users/bbuchsbaum/Library/TinyTeX/texmf-dist/tex/latex/amsfonts/amssymb.sty) (/Users/bbuchsbaum/Library/TinyTeX/texmf-dist/tex/latex/amsfonts/eucal.sty) (/Users/bbuchsbaum/Library/TinyTeX/texmf-dist/tex/generic/iftex/iftex.sty) (/Users/bbuchsbaum/Library/TinyTeX/texmf-dist/tex/latex/base/fontenc.sty) (/Users/bbuchsbaum/Library/TinyTeX/texmf-dist/tex/latex/psnfss/times.sty) (/Users/bbuchsbaum/Library/TinyTeX/texmf-dist/tex/latex/inconsolata/zi4.sty `inconsolata-zi4' v1.12, 2019/05/17 Text macros for Inconsolata (msharpe) (/Users/bbuchsbaum/Library/TinyTeX/texmf-dist/tex/latex/xkeyval/xkeyval.sty (/Users/bbuchsbaum/Library/TinyTeX/texmf-dist/tex/generic/xkeyval/xkeyval.tex (/Users/bbuchsbaum/Library/TinyTeX/texmf-dist/tex/generic/xkeyval/xkvutils.tex (/Users/bbuchsbaum/Library/TinyTeX/texmf-dist/tex/generic/xkeyval/keyval.tex))))) (/Users/bbuchsbaum/Library/TinyTeX/texmf-dist/tex/latex/graphics/color.sty (/Users/bbuchsbaum/Library/TinyTeX/texmf-dist/tex/latex/graphics-cfg/color.cfg) (/Users/bbuchsbaum/Library/TinyTeX/texmf-dist/tex/latex/graphics-def/pdftex.def) (/Users/bbuchsbaum/Library/TinyTeX/texmf-dist/tex/latex/graphics/mathcolor.ltx)) (/Users/bbuchsbaum/Library/TinyTeX/texmf-dist/tex/latex/hyperref/hyperref.sty (/Users/bbuchsbaum/Library/TinyTeX/texmf-dist/tex/latex/kvsetkeys/kvsetkeys.sty) (/Users/bbuchsbaum/Library/TinyTeX/texmf-dist/tex/generic/kvdefinekeys/kvdefinekeys.sty) (/Users/bbuchsbaum/Library/TinyTeX/texmf-dist/tex/generic/pdfescape/pdfescape.sty (/Users/bbuchsbaum/Library/TinyTeX/texmf-dist/tex/generic/ltxcmds/ltxcmds.sty) (/Users/bbuchsbaum/Library/TinyTeX/texmf-dist/tex/generic/pdftexcmds/pdftexcmds.sty (/Users/bbuchsbaum/Library/TinyTeX/texmf-dist/tex/generic/infwarerr/infwarerr.sty))) (/Users/bbuchsbaum/Library/TinyTeX/texmf-dist/tex/latex/hycolor/hycolor.sty) (/Users/bbuchsbaum/Library/TinyTeX/texmf-dist/tex/latex/hyperref/nameref.sty (/Users/bbuchsbaum/Library/TinyTeX/texmf-dist/tex/latex/refcount/refcount.sty) (/Users/bbuchsbaum/Library/TinyTeX/texmf-dist/tex/generic/gettitlestring/gettitlestring.sty (/Users/bbuchsbaum/Library/TinyTeX/texmf-dist/tex/latex/kvoptions/kvoptions.sty))) (/Users/bbuchsbaum/Library/TinyTeX/texmf-dist/tex/latex/etoolbox/etoolbox.sty) (/Users/bbuchsbaum/Library/TinyTeX/texmf-dist/tex/generic/stringenc/stringenc.sty) (/Users/bbuchsbaum/Library/TinyTeX/texmf-dist/tex/latex/hyperref/pd1enc.def) (/Users/bbuchsbaum/Library/TinyTeX/texmf-dist/tex/generic/intcalc/intcalc.sty) (/Users/bbuchsbaum/Library/TinyTeX/texmf-dist/tex/latex/hyperref/puenc.def) (/Users/bbuchsbaum/Library/TinyTeX/texmf-dist/tex/generic/bitset/bitset.sty (/Users/bbuchsbaum/Library/TinyTeX/texmf-dist/tex/generic/bigintcalc/bigintcalc.sty)) (/Users/bbuchsbaum/Library/TinyTeX/texmf-dist/tex/latex/base/atbegshi-ltx.sty)) (/Users/bbuchsbaum/Library/TinyTeX/texmf-dist/tex/latex/hyperref/hpdftex.def (/Users/bbuchsbaum/Library/TinyTeX/texmf-dist/tex/latex/base/atveryend-ltx.sty) (/Users/bbuchsbaum/Library/TinyTeX/texmf-dist/tex/latex/rerunfilecheck/rerunfilecheck.sty (/Users/bbuchsbaum/Library/TinyTeX/texmf-dist/tex/generic/uniquecounter/uniquecounter.sty)))) (/Users/bbuchsbaum/Library/TinyTeX/texmf-dist/tex/latex/base/makeidx.sty) (/Users/bbuchsbaum/Library/TinyTeX/texmf-dist/tex/latex/base/inputenc.sty)
Writing index file Rd2.idx
(/Users/bbuchsbaum/Library/TinyTeX/texmf-dist/tex/latex/psnfss/t1ptm.fd) (/Users/bbuchsbaum/Library/TinyTeX/texmf-dist/tex/latex/l3backend/l3backend-pdftex.def) (/private/var/folders/9h/nkjq6vss7mqdl4ck7q1hd8ph0000gp/T/RtmpMDB8a9/Rd2pdf1211c131d82e/Rd2.aux) (/private/var/folders/9h/nkjq6vss7mqdl4ck7q1hd8ph0000gp/T/RtmpMDB8a9/Rd2pdf1211c131d82e/Rd2.out) (/private/var/folders/9h/nkjq6vss7mqdl4ck7q1hd8ph0000gp/T/RtmpMDB8a9/Rd2pdf1211c131d82e/Rd2.out) (/Users/bbuchsbaum/Library/TinyTeX/texmf-dist/tex/latex/inconsolata/t1zi4.fd) (/Users/bbuchsbaum/Library/TinyTeX/texmf-dist/tex/latex/psnfss/t1phv.fd) (/private/var/folders/9h/nkjq6vss7mqdl4ck7q1hd8ph0000gp/T/RtmpMDB8a9/Rd2pdf1211c131d82e/Rd2.toc (/Users/bbuchsbaum/Library/TinyTeX/texmf-dist/tex/latex/amsfonts/umsa.fd) (/Users/bbuchsbaum/Library/TinyTeX/texmf-dist/tex/latex/amsfonts/umsb.fd)
[1{/Users/bbuchsbaum/Library/TinyTeX/texmf-var/fonts/map/pdftex/updmap/pdftex.map}{/Users/bbuchsbaum/Library/TinyTeX/texmf-dist/fonts/enc/dvips/base/8r.enc}{/Users/bbuchsbaum/Library/TinyTeX/texmf-dist/fonts/enc/dvips/inconsolata/i4-t1-0.enc}])
[2]
[3]
[4]
[5] (/Users/bbuchsbaum/Library/TinyTeX/texmf-dist/tex/latex/base/t1cmtt.fd) (/Users/bbuchsbaum/Library/TinyTeX/texmf-dist/tex/latex/base/ts1cmtt.fd)
[6]
[7]
[8]
[9]
[10]
Overfull \hbox (12.17735pt too wide) in paragraph at lines 530--531
[]\T1/ptm/m/n/10 This method of merge_clus is specif-i-cally de-signed to merge clus-ter-ing re-sults for []\T1/zi4/m/n/10 ClusteredNeuroVol
(/Users/bbuchsbaum/Library/TinyTeX/texmf-dist/tex/latex/inconsolata/ts1zi4.fd)
[11{/Users/bbuchsbaum/Library/TinyTeX/texmf-dist/fonts/enc/dvips/inconsolata/i4-ts1.enc}]
[12]
[13]
[14]
[15]
[16]
[17]
[18]
[19]
[20]
[21]
Overfull \hbox (53.55653pt too wide) in paragraph at lines 1188--1190
[]\T1/ptm/m/n/10 A list of clus-ter re-sults (one per rep-e-ti-tion), each of which has the same struc-ture as []\T1/zi4/m/n/10 supervoxel_cluster_fit()[]\T1/ptm/m/n/10 . 

[22]
No file Rd2.ind.

[23] (/private/var/folders/9h/nkjq6vss7mqdl4ck7q1hd8ph0000gp/T/RtmpMDB8a9/Rd2pdf1211c131d82e/Rd2.aux) )
(see the transcript file for additional information)
pdfTeX warning (dest): name{Rfn.weighted.Rul.spatial.Rul.adjacency} has been referenced but does not exist, replaced by a fixed one


pdfTeX warning (dest): name{Rfn.spatial.Rul.laplacian} has been referenced but does not exist, replaced by a fixed one


pdfTeX warning (dest): name{Rfn.cutree} has been referenced but does not exist, replaced by a fixed one


pdfTeX warning (dest): name{Rfn.hclust} has been referenced but does not exist, replaced by a fixed one


pdfTeX warning (dest): name{Rfn.cl.Rul.ensemble} has been referenced but does not exist, replaced by a fixed one


pdfTeX warning (dest): name{Rfn.as.cl.Rul.hard.Rul.partition} has been referenced but does not exist, replaced by a fixed one


pdfTeX warning (dest): name{Rfn.cl.Rul.consensus} has been referenced but does not exist, replaced by a fixed one


pdfTeX warning (dest): name{Rfn.NeuroVol.Rdash.class} has been referenced but does not exist, replaced by a fixed one


pdfTeX warning (dest): name{Rfn.NeuroVec.Rdash.class} has been referenced but does not exist, replaced by a fixed one


pdfTeX warning (dest): name{Rfn.is.cl.Rul.partition} has bee

This is pdfTeX, Version 3.141592653-2.6-1.40.26 (TeX Live 2024) (preloaded format=pdflatex)
 restricted \write18 enabled.
entering extended mode
LaTeX2e <2024-06-01> patch level 2
L3 programming layer <2024-07-20>
(./Rd2.tex
(/Users/bbuchsbaum/Library/TinyTeX/texmf-dist/tex/latex/base/book.cls
Document Class: book 2024/02/08 v1.4n Standard LaTeX document class
(/Users/bbuchsbaum/Library/TinyTeX/texmf-dist/tex/latex/base/bk10.clo)) (/Library/Frameworks/R.framework/Resources/share/texmf/tex/latex/Rd.sty (/Users/bbuchsbaum/Library/TinyTeX/texmf-dist/tex/latex/base/ifthen.sty) (/Users/bbuchsbaum/Library/TinyTeX/texmf-dist/tex/latex/tools/longtable.sty) (/Users/bbuchsbaum/Library/TinyTeX/texmf-dist/tex/latex/tools/bm.sty) (/Users/bbuchsbaum/Library/TinyTeX/texmf-dist/tex/latex/base/alltt.sty) (/Users/bbuchsbaum/Library/TinyTeX/texmf-dist/tex/latex/tools/verbatim.sty) (/Users/bbuchsbaum/Library/TinyTeX/texmf-dist/tex/latex/url/url.sty) (/Users/bbuchsbaum/Library/TinyTeX/texmf-dist/tex/latex/base/textcomp.sty) (/Users/bbuchsbaum/Library/TinyTeX/texmf-dist/tex/latex/amsmath/amsmath.sty
For additional information on amsmath, use the `?' option.
(/Users/bbuchsbaum/Library/TinyTeX/texmf-dist/tex/latex/amsmath/amstext.sty (/Users/bbuchsbaum/Library/TinyTeX/texmf-dist/tex/latex/amsmath/amsgen.sty)) (/Users/bbuchsbaum/Library/TinyTeX/texmf-dist/tex/latex/amsmath/amsbsy.sty) (/Users/bbuchsbaum/Library/TinyTeX/texmf-dist/tex/latex/amsmath/amsopn.sty)) (/Users/bbuchsbaum/Library/TinyTeX/texmf-dist/tex/latex/amsfonts/amsfonts.sty) (/Users/bbuchsbaum/Library/TinyTeX/texmf-dist/tex/latex/amsfonts/amssymb.sty) (/Users/bbuchsbaum/Library/TinyTeX/texmf-dist/tex/latex/amsfonts/eucal.sty) (/Users/bbuchsbaum/Library/TinyTeX/texmf-dist/tex/generic/iftex/iftex.sty) (/Users/bbuchsbaum/Library/TinyTeX/texmf-dist/tex/latex/base/fontenc.sty) (/Users/bbuchsbaum/Library/TinyTeX/texmf-dist/tex/latex/psnfss/times.sty) (/Users/bbuchsbaum/Library/TinyTeX/texmf-dist/tex/latex/inconsolata/zi4.sty `inconsolata-zi4' v1.12, 2019/05/17 Text macros for Inconsolata (msharpe) (/Users/bbuchsbaum/Library/TinyTeX/texmf-dist/tex/latex/xkeyval/xkeyval.sty (/Users/bbuchsbaum/Library/TinyTeX/texmf-dist/tex/generic/xkeyval/xkeyval.tex (/Users/bbuchsbaum/Library/TinyTeX/texmf-dist/tex/generic/xkeyval/xkvutils.tex (/Users/bbuchsbaum/Library/TinyTeX/texmf-dist/tex/generic/xkeyval/keyval.tex))))) (/Users/bbuchsbaum/Library/TinyTeX/texmf-dist/tex/latex/graphics/color.sty (/Users/bbuchsbaum/Library/TinyTeX/texmf-dist/tex/latex/graphics-cfg/color.cfg) (/Users/bbuchsbaum/Library/TinyTeX/texmf-dist/tex/latex/graphics-def/pdftex.def) (/Users/bbuchsbaum/Library/TinyTeX/texmf-dist/tex/latex/graphics/mathcolor.ltx)) (/Users/bbuchsbaum/Library/TinyTeX/texmf-dist/tex/latex/hyperref/hyperref.sty (/Users/bbuchsbaum/Library/TinyTeX/texmf-dist/tex/latex/kvsetkeys/kvsetkeys.sty) (/Users/bbuchsbaum/Library/TinyTeX/texmf-dist/tex/generic/kvdefinekeys/kvdefinekeys.sty) (/Users/bbuchsbaum/Library/TinyTeX/texmf-dist/tex/generic/pdfescape/pdfescape.sty (/Users/bbuchsbaum/Library/TinyTeX/texmf-dist/tex/generic/ltxcmds/ltxcmds.sty) (/Users/bbuchsbaum/Library/TinyTeX/texmf-dist/tex/generic/pdftexcmds/pdftexcmds.sty (/Users/bbuchsbaum/Library/TinyTeX/texmf-dist/tex/generic/infwarerr/infwarerr.sty))) (/Users/bbuchsbaum/Library/TinyTeX/texmf-dist/tex/latex/hycolor/hycolor.sty) (/Users/bbuchsbaum/Library/TinyTeX/texmf-dist/tex/latex/hyperref/nameref.sty (/Users/bbuchsbaum/Library/TinyTeX/texmf-dist/tex/latex/refcount/refcount.sty) (/Users/bbuchsbaum/Library/TinyTeX/texmf-dist/tex/generic/gettitlestring/gettitlestring.sty (/Users/bbuchsbaum/Library/TinyTeX/texmf-dist/tex/latex/kvoptions/kvoptions.sty))) (/Users/bbuchsbaum/Library/TinyTeX/texmf-dist/tex/latex/etoolbox/etoolbox.sty) (/Users/bbuchsbaum/Library/TinyTeX/texmf-dist/tex/generic/stringenc/stringenc.sty) (/Users/bbuchsbaum/Library/TinyTeX/texmf-dist/tex/latex/hyperref/pd1enc.def) (/Users/bbuchsbaum/Library/TinyTeX/texmf-dist/tex/generic/intcalc/intcalc.sty) (/Users/bbuchsbaum/Library/TinyTeX/texmf-dist/tex/latex/hyperref/puenc.def) (/Users/bbuchsbaum/Library/TinyTeX/texmf-dist/tex/generic/bitset/bitset.sty (/Users/bbuchsbaum/Library/TinyTeX/texmf-dist/tex/generic/bigintcalc/bigintcalc.sty)) (/Users/bbuchsbaum/Library/TinyTeX/texmf-dist/tex/latex/base/atbegshi-ltx.sty)) (/Users/bbuchsbaum/Library/TinyTeX/texmf-dist/tex/latex/hyperref/hpdftex.def (/Users/bbuchsbaum/Library/TinyTeX/texmf-dist/tex/latex/base/atveryend-ltx.sty) (/Users/bbuchsbaum/Library/TinyTeX/texmf-dist/tex/latex/rerunfilecheck/rerunfilecheck.sty (/Users/bbuchsbaum/Library/TinyTeX/texmf-dist/tex/generic/uniquecounter/uniquecounter.sty)))) (/Users/bbuchsbaum/Library/TinyTeX/texmf-dist/tex/latex/base/makeidx.sty) (/Users/bbuchsbaum/Library/TinyTeX/texmf-dist/tex/latex/base/inputenc.sty)
Writing index file Rd2.idx
(/Users/bbuchsbaum/Library/TinyTeX/texmf-dist/tex/latex/psnfss/t1ptm.fd) (/Users/bbuchsbaum/Library/TinyTeX/texmf-dist/tex/latex/l3backend/l3backend-pdftex.def) (/private/var/folders/9h/nkjq6vss7mqdl4ck7q1hd8ph0000gp/T/RtmpMDB8a9/Rd2pdf1211c131d82e/Rd2.aux) (/private/var/folders/9h/nkjq6vss7mqdl4ck7q1hd8ph0000gp/T/RtmpMDB8a9/Rd2pdf1211c131d82e/Rd2.out) (/private/var/folders/9h/nkjq6vss7mqdl4ck7q1hd8ph0000gp/T/RtmpMDB8a9/Rd2pdf1211c131d82e/Rd2.out) (/Users/bbuchsbaum/Library/TinyTeX/texmf-dist/tex/latex/inconsolata/t1zi4.fd) (/Users/bbuchsbaum/Library/TinyTeX/texmf-dist/tex/latex/psnfss/t1phv.fd) (/private/var/folders/9h/nkjq6vss7mqdl4ck7q1hd8ph0000gp/T/RtmpMDB8a9/Rd2pdf1211c131d82e/Rd2.toc (/Users/bbuchsbaum/Library/TinyTeX/texmf-dist/tex/latex/amsfonts/umsa.fd) (/Users/bbuchsbaum/Library/TinyTeX/texmf-dist/tex/latex/amsfonts/umsb.fd)
[1{/Users/bbuchsbaum/Library/TinyTeX/texmf-var/fonts/map/pdftex/updmap/pdftex.map}{/Users/bbuchsbaum/Library/TinyTeX/texmf-dist/fonts/enc/dvips/base/8r.enc}{/Users/bbuchsbaum/Library/TinyTeX/texmf-dist/fonts/enc/dvips/inconsolata/i4-t1-0.enc}])
[2]
[3]
[4]
[5] (/Users/bbuchsbaum/Library/TinyTeX/texmf-dist/tex/latex/base/t1cmtt.fd) (/Users/bbuchsbaum/Library/TinyTeX/texmf-dist/tex/latex/base/ts1cmtt.fd)
[6]
[7]
[8]
[9]
[10]
Overfull \hbox (12.17735pt too wide) in paragraph at lines 530--531
[]\T1/ptm/m/n/10 This method of merge_clus is specif-i-cally de-signed to merge clus-ter-ing re-sults for []\T1/zi4/m/n/10 ClusteredNeuroVol
(/Users/bbuchsbaum/Library/TinyTeX/texmf-dist/tex/latex/inconsolata/ts1zi4.fd)
[11{/Users/bbuchsbaum/Library/TinyTeX/texmf-dist/fonts/enc/dvips/inconsolata/i4-ts1.enc}]
[12]
[13]
[14]
[15]
[16]
[17]
[18]
[19]
[20]
[21]
Overfull \hbox (53.55653pt too wide) in paragraph at lines 1188--1190
[]\T1/ptm/m/n/10 A list of clus-ter re-sults (one per rep-e-ti-tion), each of which has the same struc-ture as []\T1/zi4/m/n/10 supervoxel_cluster_fit()[]\T1/ptm/m/n/10 . 

[22]
No file Rd2.ind.

[23] (/private/var/folders/9h/nkjq6vss7mqdl4ck7q1hd8ph0000gp/T/RtmpMDB8a9/Rd2pdf1211c131d82e/Rd2.aux) )
(see the transcript file for additional information)
pdfTeX warning (dest): name{Rfn.weighted.Rul.spatial.Rul.adjacency} has been referenced but does not exist, replaced by a fixed one


pdfTeX warning (dest): name{Rfn.spatial.Rul.laplacian} has been referenced but does not exist, replaced by a fixed one


pdfTeX warning (dest): name{Rfn.cutree} has been referenced but does not exist, replaced by a fixed one


pdfTeX warning (dest): name{Rfn.hclust} has been referenced but does not exist, replaced by a fixed one


pdfTeX warning (dest): name{Rfn.cl.Rul.ensemble} has been referenced but does not exist, replaced by a fixed one


pdfTeX warning (dest): name{Rfn.as.cl.Rul.hard.Rul.partition} has been referenced but does not exist, replaced by a fixed one


pdfTeX warning (dest): name{Rfn.cl.Rul.consensus} has been referenced but does not exist, replaced by a fixed one


pdfTeX warning (dest): name{Rfn.NeuroVol.Rdash.class} has been referenced but does not exist, replaced by a fixed one


pdfTeX warning (dest): name{Rfn.NeuroVec.Rdash.class} has been referenced but does not exist, replaced by a fixed one


pdfTeX warning (dest): name{Rfn.is.cl.Rul.partition} has been referenced but does not exist, replaced by a fixed one


pdfTeX warning (dest): name{Rfn.ClusteredNeuroVol.Rdash.class} has been referenced but does not exist, replaced by a fixed one


pdfTeX warning (dest): name{Rfn.LogicalNeuroVol.Rdash.class} has been referenced but does not exist, replaced by a fixed one


pdfTeX warning (dest): name{Rfn.cl.Rul.class.Rul.ids} has been referenced but does not exist, replaced by a fixed one

 </Users/bbuchsbaum/Library/TinyTeX/texmf-var/fonts/pk/ljfour/jknappen/ec/tctt0900.600pk></Users/bbuchsbaum/Library/TinyTeX/texmf-dist/fonts/type1/public/inconsolata/Inconsolata-zi4r.pfb></Users/bbuchsbaum/Library/TinyTeX/texmf-dist/fonts/type1/urw/helvetic/uhvr8a.pfb></Users/bbuchsbaum/Library/TinyTeX/texmf-dist/fonts/type1/urw/times/utmb8a.pfb></Users/bbuchsbaum/Library/TinyTeX/texmf-dist/fonts/type1/urw/times/utmr8a.pfb></Users/bbuchsbaum/Library/TinyTeX/texmf-dist/fonts/type1/urw/times/utmr8a.pfb></Users/bbuchsbaum/Library/TinyTeX/texmf-dist/fonts/type1/urw/times/utmri8a.pfb>
Output written on Rd2.pdf (23 pages, 127643 bytes).
Transcript written on Rd2.log.
Saving output to ‘neurocluster-manual.pdf’ ...
Done
You may want to clean up by 'rm -Rf /var/folders/9h/nkjq6vss7mqdl4ck7q1hd8ph0000gp/T//RtmpMDB8a9/Rd2pdf1211c131d82e'
